The system is: Darwin - 23.5.0 - arm64
Compiling the Fortran compiler identification source file "CMakeFortranCompilerId.F" succeeded.
Compiler: /opt/homebrew/bin/gfortran 
Build flags: 
Id flags: -v 

The output was:
0
Driving: /opt/homebrew/bin/gfortran -v CMakeFortranCompilerId.F -mmacosx-version-min=14.0.0 -asm_macosx_version_min=14.0 -nodefaultexport -l gfortran
Using built-in specs.
COLLECT_GCC=/opt/homebrew/bin/gfortran
COLLECT_LTO_WRAPPER=/opt/homebrew/Cellar/gcc/14.2.0/bin/../libexec/gcc/aarch64-apple-darwin23/14/lto-wrapper
Target: aarch64-apple-darwin23
Configured with: ../configure --prefix=/opt/homebrew/opt/gcc --libdir=/opt/homebrew/opt/gcc/lib/gcc/current --disable-nls --enable-checking=release --with-gcc-major-version-only --enable-languages=c,c++,objc,obj-c++,fortran,m2 --program-suffix=-14 --with-gmp=/opt/homebrew/opt/gmp --with-mpfr=/opt/homebrew/opt/mpfr --with-mpc=/opt/homebrew/opt/libmpc --with-isl=/opt/homebrew/opt/isl --with-zstd=/opt/homebrew/opt/zstd --with-pkgversion='Homebrew GCC 14.2.0' --with-bugurl=https://github.com/Homebrew/homebrew-core/issues --with-system-zlib --build=aarch64-apple-darwin23 --with-sysroot=/Library/Developer/CommandLineTools/SDKs/MacOSX14.sdk
Thread model: posix
Supported LTO compression algorithms: zlib zstd
gcc version 14.2.0 (Homebrew GCC 14.2.0) 
COLLECT_GCC_OPTIONS='-v' '-mmacosx-version-min=14.0.0' '-asm_macosx_version_min=14.0' '-nodefaultexport' '-mcpu=apple-m1' '-mlittle-endian' '-mabi=lp64' '-dumpdir' 'a-'
 /opt/homebrew/Cellar/gcc/14.2.0/bin/../libexec/gcc/aarch64-apple-darwin23/14/f951 CMakeFortranCompilerId.F -ffixed-form -cpp=/var/folders/tc/jh0_9j6s3qg_20qbgq_dr9z00000gn/T//ccnsz5tL.fi -quiet -v -iprefix /opt/homebrew/Cellar/gcc/14.2.0/bin/../lib/gcc/current/gcc/aarch64-apple-darwin23/14/ -D__DYNAMIC__ CMakeFortranCompilerId.F -fPIC -quiet -dumpdir a- -dumpbase CMakeFortranCompilerId.F -dumpbase-ext .F -mmacosx-version-min=14.0.0 -mcpu=apple-m1 -mlittle-endian -mabi=lp64 -version -fintrinsic-modules-path /opt/homebrew/Cellar/gcc/14.2.0/bin/../lib/gcc/current/gcc/aarch64-apple-darwin23/14/finclude -o /var/folders/tc/jh0_9j6s3qg_20qbgq_dr9z00000gn/T//ccgfXrx2.s
GNU Fortran (Homebrew GCC 14.2.0) version 14.2.0 (aarch64-apple-darwin23)
	compiled by GNU C version 14.2.0, GMP version 6.3.0, MPFR version 4.2.1, MPC version 1.3.1, isl version isl-0.26-GMP

GGC heuristics: --param ggc-min-expand=100 --param ggc-min-heapsize=131072
ignoring nonexistent directory "/opt/homebrew/Cellar/gcc/14.2.0/bin/../lib/gcc/current/gcc/aarch64-apple-darwin23/14/../../../../../../aarch64-apple-darwin23/include"
ignoring duplicate directory "/opt/homebrew/Cellar/gcc/14.2.0/bin/../lib/gcc/current/gcc/../../../../lib/gcc/current/gcc/aarch64-apple-darwin23/14/include"
ignoring nonexistent directory "/Library/Developer/CommandLineTools/SDKs/MacOSX14.sdk/usr/local/include"
ignoring duplicate directory "/opt/homebrew/Cellar/gcc/14.2.0/bin/../lib/gcc/current/gcc/../../../../lib/gcc/current/gcc/aarch64-apple-darwin23/14/include-fixed"
ignoring nonexistent directory "/opt/homebrew/Cellar/gcc/14.2.0/bin/../lib/gcc/current/gcc/../../../../lib/gcc/current/gcc/aarch64-apple-darwin23/14/../../../../../../aarch64-apple-darwin23/include"
#include "..." search starts here:
#include <...> search starts here:
 /opt/homebrew/Cellar/gcc/14.2.0/bin/../lib/gcc/current/gcc/aarch64-apple-darwin23/14/finclude
 /opt/intel/oneapi/tbb/2021.8.0/env/../include
 /opt/homebrew/Cellar/gcc/14.2.0/bin/../lib/gcc/current/gcc/aarch64-apple-darwin23/14/include
 /opt/homebrew/Cellar/gcc/14.2.0/bin/../lib/gcc/current/gcc/aarch64-apple-darwin23/14/include-fixed
 /Library/Developer/CommandLineTools/SDKs/MacOSX14.sdk/usr/include
End of search list.
COLLECT_GCC_OPTIONS='-v' '-mmacosx-version-min=14.0.0'  '-nodefaultexport' '-mcpu=apple-m1' '-mlittle-endian' '-mabi=lp64' '-dumpdir' 'a-'
 as -arch arm64 -v -mmacosx-version-min=14.0 -o /var/folders/tc/jh0_9j6s3qg_20qbgq_dr9z00000gn/T//ccCGMA21.o /var/folders/tc/jh0_9j6s3qg_20qbgq_dr9z00000gn/T//ccgfXrx2.s
Apple clang version 15.0.0 (clang-1500.3.9.4)
Target: arm64-apple-darwin23.5.0
Thread model: posix
InstalledDir: /Library/Developer/CommandLineTools/usr/bin
 "/Library/Developer/CommandLineTools/usr/bin/clang" -cc1as -triple arm64-apple-macosx14.0.0 -filetype obj -main-file-name ccgfXrx2.s -target-cpu apple-m1 -target-feature +v8.5a -target-feature +crc -target-feature +lse -target-feature +rdm -target-feature +crypto -target-feature +dotprod -target-feature +fp-armv8 -target-feature +neon -target-feature +fp16fml -target-feature +ras -target-feature +rcpc -target-feature +zcm -target-feature +zcz -target-feature +fullfp16 -target-feature +sm4 -target-feature +sha3 -target-feature +sha2 -target-feature +aes -fdebug-compilation-dir=/Users/marcogrossi/Codici/myCEA/pyCEA/build/CMakeFiles/3.25.3/CompilerIdFortran -dwarf-debug-producer "Apple clang version 15.0.0 (clang-1500.3.9.4)" -dwarf-version=4 -mrelocation-model pic --mrelax-relocations -mllvm -disable-aligned-alloc-awareness=1 -o /var/folders/tc/jh0_9j6s3qg_20qbgq_dr9z00000gn/T//ccCGMA21.o /var/folders/tc/jh0_9j6s3qg_20qbgq_dr9z00000gn/T//ccgfXrx2.s
Reading specs from /opt/homebrew/Cellar/gcc/14.2.0/bin/../lib/gcc/current/gcc/aarch64-apple-darwin23/14/../../../libgfortran.spec
rename spec lib to liborig
COLLECT_GCC_OPTIONS='-v' '-mmacosx-version-min=14.0.0'  '-nodefaultexport' '-mcpu=apple-m1' '-mlittle-endian' '-mabi=lp64' '-dumpdir' 'a-'
COMPILER_PATH=/opt/homebrew/Cellar/gcc/14.2.0/bin/../libexec/gcc/aarch64-apple-darwin23/14/:/opt/homebrew/Cellar/gcc/14.2.0/bin/../libexec/gcc/
LIBRARY_PATH=/opt/homebrew/Cellar/gcc/14.2.0/bin/../lib/gcc/current/gcc/aarch64-apple-darwin23/14/:/opt/homebrew/Cellar/gcc/14.2.0/bin/../lib/gcc/current/gcc/:/opt/intel/oneapi/tbb/2021.8.0/env/../lib/:/opt/homebrew/Cellar/gcc/14.2.0/bin/../lib/gcc/current/gcc/aarch64-apple-darwin23/14/../../../
COLLECT_GCC_OPTIONS='-v' '-mmacosx-version-min=14.0.0'  '-nodefaultexport' '-mcpu=apple-m1' '-mlittle-endian' '-mabi=lp64' '-dumpdir' 'a.'
 /opt/homebrew/Cellar/gcc/14.2.0/bin/../libexec/gcc/aarch64-apple-darwin23/14/collect2 -demangle -syslibroot /Library/Developer/CommandLineTools/SDKs/MacOSX14.sdk/ -dynamic -arch arm64 -platform_version macos 14.0.0 0.0 -o a.out -L/opt/homebrew/Cellar/gcc/14.2.0/bin/../lib/gcc/current/gcc/aarch64-apple-darwin23/14 -L/opt/homebrew/Cellar/gcc/14.2.0/bin/../lib/gcc/current/gcc -L/opt/intel/oneapi/tbb/2021.8.0/env/../lib -L/opt/homebrew/Cellar/gcc/14.2.0/bin/../lib/gcc/current/gcc/aarch64-apple-darwin23/14/../../.. -lemutls_w -lheapt_w /var/folders/tc/jh0_9j6s3qg_20qbgq_dr9z00000gn/T//ccCGMA21.o -lgfortran -lgcc -lquadmath -lSystem -no_compact_unwind -rpath @loader_path -rpath /opt/homebrew/Cellar/gcc/14.2.0/lib/gcc/current/gcc/aarch64-apple-darwin23/14 -rpath /opt/homebrew/Cellar/gcc/14.2.0/lib/gcc/current/gcc -rpath /opt/intel/oneapi/tbb/2021.8.0/lib -rpath /opt/homebrew/Cellar/gcc/14.2.0/lib/gcc/current


Compilation of the Fortran compiler identification source "CMakeFortranCompilerId.F" produced "a.out"

The Fortran compiler identification is GNU, found in "/Users/marcogrossi/Codici/myCEA/pyCEA/build/CMakeFiles/3.25.3/CompilerIdFortran/a.out"

Detecting Fortran compiler ABI info compiled with the following output:
Change Dir: /Users/marcogrossi/Codici/myCEA/pyCEA/build/CMakeFiles/CMakeScratch/TryCompile-fuaJrD

Run Build Command(s):/usr/bin/make -f Makefile cmTC_13415/fast && /Library/Developer/CommandLineTools/usr/bin/make  -f CMakeFiles/cmTC_13415.dir/build.make CMakeFiles/cmTC_13415.dir/build
Building Fortran object CMakeFiles/cmTC_13415.dir/CMakeFortranCompilerABI.F90.o
/opt/homebrew/bin/gfortran   -isysroot /Library/Developer/CommandLineTools/SDKs/MacOSX14.4.sdk   -v -Wl,-v -c /Applications/CMake.app/Contents/share/cmake-3.25/Modules/CMakeFortranCompilerABI.F90 -o CMakeFiles/cmTC_13415.dir/CMakeFortranCompilerABI.F90.o
Using built-in specs.
COLLECT_GCC=/opt/homebrew/bin/gfortran
Target: aarch64-apple-darwin23
Configured with: ../configure --prefix=/opt/homebrew/opt/gcc --libdir=/opt/homebrew/opt/gcc/lib/gcc/current --disable-nls --enable-checking=release --with-gcc-major-version-only --enable-languages=c,c++,objc,obj-c++,fortran,m2 --program-suffix=-14 --with-gmp=/opt/homebrew/opt/gmp --with-mpfr=/opt/homebrew/opt/mpfr --with-mpc=/opt/homebrew/opt/libmpc --with-isl=/opt/homebrew/opt/isl --with-zstd=/opt/homebrew/opt/zstd --with-pkgversion='Homebrew GCC 14.2.0' --with-bugurl=https://github.com/Homebrew/homebrew-core/issues --with-system-zlib --build=aarch64-apple-darwin23 --with-sysroot=/Library/Developer/CommandLineTools/SDKs/MacOSX14.sdk
Thread model: posix
Supported LTO compression algorithms: zlib zstd
gcc version 14.2.0 (Homebrew GCC 14.2.0) 
COLLECT_GCC_OPTIONS='-isysroot' '/Library/Developer/CommandLineTools/SDKs/MacOSX14.4.sdk' '-v' '-c' '-o' 'CMakeFiles/cmTC_13415.dir/CMakeFortranCompilerABI.F90.o' '-mmacosx-version-min=14.0.0' '-asm_macosx_version_min=14.0' '-nodefaultexport' '-mcpu=apple-m1' '-mlittle-endian' '-mabi=lp64' '-dumpdir' 'CMakeFiles/cmTC_13415.dir/'
 /opt/homebrew/Cellar/gcc/14.2.0/bin/../libexec/gcc/aarch64-apple-darwin23/14/f951 /Applications/CMake.app/Contents/share/cmake-3.25/Modules/CMakeFortranCompilerABI.F90 -cpp=/var/folders/tc/jh0_9j6s3qg_20qbgq_dr9z00000gn/T//ccSlnppW.fii -quiet -v -iprefix /opt/homebrew/Cellar/gcc/14.2.0/bin/../lib/gcc/current/gcc/aarch64-apple-darwin23/14/ -D__DYNAMIC__ -isysroot /Library/Developer/CommandLineTools/SDKs/MacOSX14.4.sdk /Applications/CMake.app/Contents/share/cmake-3.25/Modules/CMakeFortranCompilerABI.F90 -fPIC -quiet -dumpdir CMakeFiles/cmTC_13415.dir/ -dumpbase CMakeFortranCompilerABI.F90.F90 -dumpbase-ext .F90 -mmacosx-version-min=14.0.0 -mcpu=apple-m1 -mlittle-endian -mabi=lp64 -version -fintrinsic-modules-path /opt/homebrew/Cellar/gcc/14.2.0/bin/../lib/gcc/current/gcc/aarch64-apple-darwin23/14/finclude -o /var/folders/tc/jh0_9j6s3qg_20qbgq_dr9z00000gn/T//ccu11Wzf.s
GNU Fortran (Homebrew GCC 14.2.0) version 14.2.0 (aarch64-apple-darwin23)
	compiled by GNU C version 14.2.0, GMP version 6.3.0, MPFR version 4.2.1, MPC version 1.3.1, isl version isl-0.26-GMP

GGC heuristics: --param ggc-min-expand=100 --param ggc-min-heapsize=131072
ignoring nonexistent directory "/opt/homebrew/Cellar/gcc/14.2.0/bin/../lib/gcc/current/gcc/aarch64-apple-darwin23/14/../../../../../../aarch64-apple-darwin23/include"
ignoring duplicate directory "/opt/homebrew/Cellar/gcc/14.2.0/bin/../lib/gcc/current/gcc/../../../../lib/gcc/current/gcc/aarch64-apple-darwin23/14/include"
ignoring nonexistent directory "/Library/Developer/CommandLineTools/SDKs/MacOSX14.4.sdk/usr/local/include"
ignoring duplicate directory "/opt/homebrew/Cellar/gcc/14.2.0/bin/../lib/gcc/current/gcc/../../../../lib/gcc/current/gcc/aarch64-apple-darwin23/14/include-fixed"
ignoring nonexistent directory "/opt/homebrew/Cellar/gcc/14.2.0/bin/../lib/gcc/current/gcc/../../../../lib/gcc/current/gcc/aarch64-apple-darwin23/14/../../../../../../aarch64-apple-darwin23/include"
#include "..." search starts here:
#include <...> search starts here:
 /opt/homebrew/Cellar/gcc/14.2.0/bin/../lib/gcc/current/gcc/aarch64-apple-darwin23/14/finclude
 /opt/intel/oneapi/tbb/2021.8.0/env/../include
 /opt/homebrew/Cellar/gcc/14.2.0/bin/../lib/gcc/current/gcc/aarch64-apple-darwin23/14/include
 /opt/homebrew/Cellar/gcc/14.2.0/bin/../lib/gcc/current/gcc/aarch64-apple-darwin23/14/include-fixed
 /Library/Developer/CommandLineTools/SDKs/MacOSX14.4.sdk/usr/include
End of search list.
COLLECT_GCC_OPTIONS='-isysroot' '/Library/Developer/CommandLineTools/SDKs/MacOSX14.4.sdk' '-v' '-c' '-o' 'CMakeFiles/cmTC_13415.dir/CMakeFortranCompilerABI.F90.o' '-mmacosx-version-min=14.0.0'  '-nodefaultexport' '-mcpu=apple-m1' '-mlittle-endian' '-mabi=lp64' '-dumpdir' 'CMakeFiles/cmTC_13415.dir/'
 as -arch arm64 -v -mmacosx-version-min=14.0 -o CMakeFiles/cmTC_13415.dir/CMakeFortranCompilerABI.F90.o /var/folders/tc/jh0_9j6s3qg_20qbgq_dr9z00000gn/T//ccu11Wzf.s
Apple clang version 15.0.0 (clang-1500.3.9.4)
Target: arm64-apple-darwin23.5.0
Thread model: posix
InstalledDir: /Library/Developer/CommandLineTools/usr/bin
 "/Library/Developer/CommandLineTools/usr/bin/clang" -cc1as -triple arm64-apple-macosx14.0.0 -filetype obj -main-file-name ccu11Wzf.s -target-cpu apple-m1 -target-feature +v8.5a -target-feature +crc -target-feature +lse -target-feature +rdm -target-feature +crypto -target-feature +dotprod -target-feature +fp-armv8 -target-feature +neon -target-feature +fp16fml -target-feature +ras -target-feature +rcpc -target-feature +zcm -target-feature +zcz -target-feature +fullfp16 -target-feature +sm4 -target-feature +sha3 -target-feature +sha2 -target-feature +aes -fdebug-compilation-dir=/Users/marcogrossi/Codici/myCEA/pyCEA/build/CMakeFiles/CMakeScratch/TryCompile-fuaJrD -dwarf-debug-producer "Apple clang version 15.0.0 (clang-1500.3.9.4)" -dwarf-version=4 -mrelocation-model pic --mrelax-relocations -mllvm -disable-aligned-alloc-awareness=1 -o CMakeFiles/cmTC_13415.dir/CMakeFortranCompilerABI.F90.o /var/folders/tc/jh0_9j6s3qg_20qbgq_dr9z00000gn/T//ccu11Wzf.s
COMPILER_PATH=/opt/homebrew/Cellar/gcc/14.2.0/bin/../libexec/gcc/aarch64-apple-darwin23/14/:/opt/homebrew/Cellar/gcc/14.2.0/bin/../libexec/gcc/
LIBRARY_PATH=/opt/homebrew/Cellar/gcc/14.2.0/bin/../lib/gcc/current/gcc/aarch64-apple-darwin23/14/:/opt/homebrew/Cellar/gcc/14.2.0/bin/../lib/gcc/current/gcc/:/opt/intel/oneapi/tbb/2021.8.0/env/../lib/:/opt/homebrew/Cellar/gcc/14.2.0/bin/../lib/gcc/current/gcc/aarch64-apple-darwin23/14/../../../
COLLECT_GCC_OPTIONS='-isysroot' '/Library/Developer/CommandLineTools/SDKs/MacOSX14.4.sdk' '-v' '-c' '-o' 'CMakeFiles/cmTC_13415.dir/CMakeFortranCompilerABI.F90.o' '-mmacosx-version-min=14.0.0'  '-nodefaultexport' '-mcpu=apple-m1' '-mlittle-endian' '-mabi=lp64' '-dumpdir' 'CMakeFiles/cmTC_13415.dir/CMakeFortranCompilerABI.F90.'
Linking Fortran executable cmTC_13415
/Applications/CMake.app/Contents/bin/cmake -E cmake_link_script CMakeFiles/cmTC_13415.dir/link.txt --verbose=1
/opt/homebrew/bin/gfortran  -v -Wl,-v  -isysroot /Library/Developer/CommandLineTools/SDKs/MacOSX14.4.sdk CMakeFiles/cmTC_13415.dir/CMakeFortranCompilerABI.F90.o -o cmTC_13415 
Driving: /opt/homebrew/bin/gfortran -v -Wl,-v -isysroot /Library/Developer/CommandLineTools/SDKs/MacOSX14.4.sdk CMakeFiles/cmTC_13415.dir/CMakeFortranCompilerABI.F90.o -o cmTC_13415 -mmacosx-version-min=14.0.0 -asm_macosx_version_min=14.0 -nodefaultexport -l gfortran
Using built-in specs.
COLLECT_GCC=/opt/homebrew/bin/gfortran
COLLECT_LTO_WRAPPER=/opt/homebrew/Cellar/gcc/14.2.0/bin/../libexec/gcc/aarch64-apple-darwin23/14/lto-wrapper
Target: aarch64-apple-darwin23
Configured with: ../configure --prefix=/opt/homebrew/opt/gcc --libdir=/opt/homebrew/opt/gcc/lib/gcc/current --disable-nls --enable-checking=release --with-gcc-major-version-only --enable-languages=c,c++,objc,obj-c++,fortran,m2 --program-suffix=-14 --with-gmp=/opt/homebrew/opt/gmp --with-mpfr=/opt/homebrew/opt/mpfr --with-mpc=/opt/homebrew/opt/libmpc --with-isl=/opt/homebrew/opt/isl --with-zstd=/opt/homebrew/opt/zstd --with-pkgversion='Homebrew GCC 14.2.0' --with-bugurl=https://github.com/Homebrew/homebrew-core/issues --with-system-zlib --build=aarch64-apple-darwin23 --with-sysroot=/Library/Developer/CommandLineTools/SDKs/MacOSX14.sdk
Thread model: posix
Supported LTO compression algorithms: zlib zstd
gcc version 14.2.0 (Homebrew GCC 14.2.0) 
Reading specs from /opt/homebrew/Cellar/gcc/14.2.0/bin/../lib/gcc/current/gcc/aarch64-apple-darwin23/14/../../../libgfortran.spec
rename spec lib to liborig
COLLECT_GCC_OPTIONS='-v' '-isysroot' '/Library/Developer/CommandLineTools/SDKs/MacOSX14.4.sdk' '-o' 'cmTC_13415' '-mmacosx-version-min=14.0.0' '-asm_macosx_version_min=14.0' '-nodefaultexport' '-mcpu=apple-m1' '-mlittle-endian' '-mabi=lp64' '-dumpdir' 'cmTC_13415-'
COMPILER_PATH=/opt/homebrew/Cellar/gcc/14.2.0/bin/../libexec/gcc/aarch64-apple-darwin23/14/:/opt/homebrew/Cellar/gcc/14.2.0/bin/../libexec/gcc/
LIBRARY_PATH=/opt/homebrew/Cellar/gcc/14.2.0/bin/../lib/gcc/current/gcc/aarch64-apple-darwin23/14/:/opt/homebrew/Cellar/gcc/14.2.0/bin/../lib/gcc/current/gcc/:/opt/intel/oneapi/tbb/2021.8.0/env/../lib/:/opt/homebrew/Cellar/gcc/14.2.0/bin/../lib/gcc/current/gcc/aarch64-apple-darwin23/14/../../../
COLLECT_GCC_OPTIONS='-v' '-isysroot' '/Library/Developer/CommandLineTools/SDKs/MacOSX14.4.sdk' '-o' 'cmTC_13415' '-mmacosx-version-min=14.0.0' '-asm_macosx_version_min=14.0' '-nodefaultexport' '-mcpu=apple-m1' '-mlittle-endian' '-mabi=lp64' '-dumpdir' 'cmTC_13415.'
 /opt/homebrew/Cellar/gcc/14.2.0/bin/../libexec/gcc/aarch64-apple-darwin23/14/collect2 -demangle -dynamic -arch arm64 -syslibroot /Library/Developer/CommandLineTools/SDKs/MacOSX14.4.sdk -platform_version macos 14.0.0 0.0 -o cmTC_13415 -L/opt/homebrew/Cellar/gcc/14.2.0/bin/../lib/gcc/current/gcc/aarch64-apple-darwin23/14 -L/opt/homebrew/Cellar/gcc/14.2.0/bin/../lib/gcc/current/gcc -L/opt/intel/oneapi/tbb/2021.8.0/env/../lib -L/opt/homebrew/Cellar/gcc/14.2.0/bin/../lib/gcc/current/gcc/aarch64-apple-darwin23/14/../../.. -lemutls_w -lheapt_w -v CMakeFiles/cmTC_13415.dir/CMakeFortranCompilerABI.F90.o -lgfortran -lgcc -lquadmath -lSystem -no_compact_unwind -rpath @loader_path -rpath /opt/homebrew/Cellar/gcc/14.2.0/lib/gcc/current/gcc/aarch64-apple-darwin23/14 -rpath /opt/homebrew/Cellar/gcc/14.2.0/lib/gcc/current/gcc -rpath /opt/intel/oneapi/tbb/2021.8.0/lib -rpath /opt/homebrew/Cellar/gcc/14.2.0/lib/gcc/current
collect2 version 14.2.0
/usr/bin/ld -demangle -dynamic -arch arm64 -syslibroot /Library/Developer/CommandLineTools/SDKs/MacOSX14.4.sdk -platform_version macos 14.0.0 0.0 -o cmTC_13415 -L/opt/homebrew/Cellar/gcc/14.2.0/bin/../lib/gcc/current/gcc/aarch64-apple-darwin23/14 -L/opt/homebrew/Cellar/gcc/14.2.0/bin/../lib/gcc/current/gcc -L/opt/intel/oneapi/tbb/2021.8.0/env/../lib -L/opt/homebrew/Cellar/gcc/14.2.0/bin/../lib/gcc/current/gcc/aarch64-apple-darwin23/14/../../.. -lemutls_w -lheapt_w -v CMakeFiles/cmTC_13415.dir/CMakeFortranCompilerABI.F90.o -lgfortran -lgcc -lquadmath -lSystem -no_compact_unwind -rpath @loader_path -rpath /opt/homebrew/Cellar/gcc/14.2.0/lib/gcc/current/gcc/aarch64-apple-darwin23/14 -rpath /opt/homebrew/Cellar/gcc/14.2.0/lib/gcc/current/gcc -rpath /opt/intel/oneapi/tbb/2021.8.0/lib -rpath /opt/homebrew/Cellar/gcc/14.2.0/lib/gcc/current
@(#)PROGRAM:ld PROJECT:ld-1053.12
BUILD 15:45:29 Feb  3 2024
configured to support archs: armv6 armv7 armv7s arm64 arm64e arm64_32 i386 x86_64 x86_64h armv6m armv7k armv7m armv7em
will use ld-classic for: armv6 armv7 armv7s arm64_32 i386 armv6m armv7k armv7m armv7em
LTO support using: LLVM version 15.0.0 (static support for 29, runtime is 29)
TAPI support using: Apple TAPI version 15.0.0 (tapi-1500.3.2.2)
Library search paths:
	/opt/homebrew/Cellar/gcc/14.2.0/lib/gcc/current/gcc/aarch64-apple-darwin23/14
	/opt/homebrew/Cellar/gcc/14.2.0/lib/gcc/current/gcc
	/opt/intel/oneapi/tbb/2021.8.0/lib
	/opt/homebrew/Cellar/gcc/14.2.0/lib/gcc/current
	/Library/Developer/CommandLineTools/SDKs/MacOSX14.4.sdk/usr/lib
	/Library/Developer/CommandLineTools/SDKs/MacOSX14.4.sdk/usr/lib/swift
Framework search paths:
	/Library/Developer/CommandLineTools/SDKs/MacOSX14.4.sdk/System/Library/Frameworks



Parsed Fortran implicit include dir info from above output: rv=done
  found start of include info
  found start of implicit include info
    add: [/opt/homebrew/Cellar/gcc/14.2.0/bin/../lib/gcc/current/gcc/aarch64-apple-darwin23/14/finclude]
    add: [/opt/intel/oneapi/tbb/2021.8.0/env/../include]
    add: [/opt/homebrew/Cellar/gcc/14.2.0/bin/../lib/gcc/current/gcc/aarch64-apple-darwin23/14/include]
    add: [/opt/homebrew/Cellar/gcc/14.2.0/bin/../lib/gcc/current/gcc/aarch64-apple-darwin23/14/include-fixed]
    add: [/Library/Developer/CommandLineTools/SDKs/MacOSX14.4.sdk/usr/include]
  end of search list found
  collapse include dir [/opt/homebrew/Cellar/gcc/14.2.0/bin/../lib/gcc/current/gcc/aarch64-apple-darwin23/14/finclude] ==> [/opt/homebrew/Cellar/gcc/14.2.0/lib/gcc/current/gcc/aarch64-apple-darwin23/14/finclude]
  collapse include dir [/opt/intel/oneapi/tbb/2021.8.0/env/../include] ==> [/opt/intel/oneapi/tbb/2021.8.0/include]
  collapse include dir [/opt/homebrew/Cellar/gcc/14.2.0/bin/../lib/gcc/current/gcc/aarch64-apple-darwin23/14/include] ==> [/opt/homebrew/Cellar/gcc/14.2.0/lib/gcc/current/gcc/aarch64-apple-darwin23/14/include]
  collapse include dir [/opt/homebrew/Cellar/gcc/14.2.0/bin/../lib/gcc/current/gcc/aarch64-apple-darwin23/14/include-fixed] ==> [/opt/homebrew/Cellar/gcc/14.2.0/lib/gcc/current/gcc/aarch64-apple-darwin23/14/include-fixed]
  collapse include dir [/Library/Developer/CommandLineTools/SDKs/MacOSX14.4.sdk/usr/include] ==> [/Library/Developer/CommandLineTools/SDKs/MacOSX14.4.sdk/usr/include]
  implicit include dirs: [/opt/homebrew/Cellar/gcc/14.2.0/lib/gcc/current/gcc/aarch64-apple-darwin23/14/finclude;/opt/intel/oneapi/tbb/2021.8.0/include;/opt/homebrew/Cellar/gcc/14.2.0/lib/gcc/current/gcc/aarch64-apple-darwin23/14/include;/opt/homebrew/Cellar/gcc/14.2.0/lib/gcc/current/gcc/aarch64-apple-darwin23/14/include-fixed;/Library/Developer/CommandLineTools/SDKs/MacOSX14.4.sdk/usr/include]


Parsed Fortran implicit link information from above output:
  link line regex: [^( *|.*[/\])(ld|CMAKE_LINK_STARTFILE-NOTFOUND|([^/\]+-)?ld|collect2)[^/\]*( |$)]
  ignore line: [Change Dir: /Users/marcogrossi/Codici/myCEA/pyCEA/build/CMakeFiles/CMakeScratch/TryCompile-fuaJrD]
  ignore line: []
  ignore line: [Run Build Command(s):/usr/bin/make -f Makefile cmTC_13415/fast && /Library/Developer/CommandLineTools/usr/bin/make  -f CMakeFiles/cmTC_13415.dir/build.make CMakeFiles/cmTC_13415.dir/build]
  ignore line: [Building Fortran object CMakeFiles/cmTC_13415.dir/CMakeFortranCompilerABI.F90.o]
  ignore line: [/opt/homebrew/bin/gfortran   -isysroot /Library/Developer/CommandLineTools/SDKs/MacOSX14.4.sdk   -v -Wl -v -c /Applications/CMake.app/Contents/share/cmake-3.25/Modules/CMakeFortranCompilerABI.F90 -o CMakeFiles/cmTC_13415.dir/CMakeFortranCompilerABI.F90.o]
  ignore line: [Using built-in specs.]
  ignore line: [COLLECT_GCC=/opt/homebrew/bin/gfortran]
  ignore line: [Target: aarch64-apple-darwin23]
  ignore line: [Configured with: ../configure --prefix=/opt/homebrew/opt/gcc --libdir=/opt/homebrew/opt/gcc/lib/gcc/current --disable-nls --enable-checking=release --with-gcc-major-version-only --enable-languages=c c++ objc obj-c++ fortran m2 --program-suffix=-14 --with-gmp=/opt/homebrew/opt/gmp --with-mpfr=/opt/homebrew/opt/mpfr --with-mpc=/opt/homebrew/opt/libmpc --with-isl=/opt/homebrew/opt/isl --with-zstd=/opt/homebrew/opt/zstd --with-pkgversion='Homebrew GCC 14.2.0' --with-bugurl=https://github.com/Homebrew/homebrew-core/issues --with-system-zlib --build=aarch64-apple-darwin23 --with-sysroot=/Library/Developer/CommandLineTools/SDKs/MacOSX14.sdk]
  ignore line: [Thread model: posix]
  ignore line: [Supported LTO compression algorithms: zlib zstd]
  ignore line: [gcc version 14.2.0 (Homebrew GCC 14.2.0) ]
  ignore line: [COLLECT_GCC_OPTIONS='-isysroot' '/Library/Developer/CommandLineTools/SDKs/MacOSX14.4.sdk' '-v' '-c' '-o' 'CMakeFiles/cmTC_13415.dir/CMakeFortranCompilerABI.F90.o' '-mmacosx-version-min=14.0.0' '-asm_macosx_version_min=14.0' '-nodefaultexport' '-mcpu=apple-m1' '-mlittle-endian' '-mabi=lp64' '-dumpdir' 'CMakeFiles/cmTC_13415.dir/']
  ignore line: [ /opt/homebrew/Cellar/gcc/14.2.0/bin/../libexec/gcc/aarch64-apple-darwin23/14/f951 /Applications/CMake.app/Contents/share/cmake-3.25/Modules/CMakeFortranCompilerABI.F90 -cpp=/var/folders/tc/jh0_9j6s3qg_20qbgq_dr9z00000gn/T//ccSlnppW.fii -quiet -v -iprefix /opt/homebrew/Cellar/gcc/14.2.0/bin/../lib/gcc/current/gcc/aarch64-apple-darwin23/14/ -D__DYNAMIC__ -isysroot /Library/Developer/CommandLineTools/SDKs/MacOSX14.4.sdk /Applications/CMake.app/Contents/share/cmake-3.25/Modules/CMakeFortranCompilerABI.F90 -fPIC -quiet -dumpdir CMakeFiles/cmTC_13415.dir/ -dumpbase CMakeFortranCompilerABI.F90.F90 -dumpbase-ext .F90 -mmacosx-version-min=14.0.0 -mcpu=apple-m1 -mlittle-endian -mabi=lp64 -version -fintrinsic-modules-path /opt/homebrew/Cellar/gcc/14.2.0/bin/../lib/gcc/current/gcc/aarch64-apple-darwin23/14/finclude -o /var/folders/tc/jh0_9j6s3qg_20qbgq_dr9z00000gn/T//ccu11Wzf.s]
  ignore line: [GNU Fortran (Homebrew GCC 14.2.0) version 14.2.0 (aarch64-apple-darwin23)]
  ignore line: [	compiled by GNU C version 14.2.0  GMP version 6.3.0  MPFR version 4.2.1  MPC version 1.3.1  isl version isl-0.26-GMP]
  ignore line: []
  ignore line: [GGC heuristics: --param ggc-min-expand=100 --param ggc-min-heapsize=131072]
  ignore line: [ignoring nonexistent directory "/opt/homebrew/Cellar/gcc/14.2.0/bin/../lib/gcc/current/gcc/aarch64-apple-darwin23/14/../../../../../../aarch64-apple-darwin23/include"]
  ignore line: [ignoring duplicate directory "/opt/homebrew/Cellar/gcc/14.2.0/bin/../lib/gcc/current/gcc/../../../../lib/gcc/current/gcc/aarch64-apple-darwin23/14/include"]
  ignore line: [ignoring nonexistent directory "/Library/Developer/CommandLineTools/SDKs/MacOSX14.4.sdk/usr/local/include"]
  ignore line: [ignoring duplicate directory "/opt/homebrew/Cellar/gcc/14.2.0/bin/../lib/gcc/current/gcc/../../../../lib/gcc/current/gcc/aarch64-apple-darwin23/14/include-fixed"]
  ignore line: [ignoring nonexistent directory "/opt/homebrew/Cellar/gcc/14.2.0/bin/../lib/gcc/current/gcc/../../../../lib/gcc/current/gcc/aarch64-apple-darwin23/14/../../../../../../aarch64-apple-darwin23/include"]
  ignore line: [#include "..." search starts here:]
  ignore line: [#include <...> search starts here:]
  ignore line: [ /opt/homebrew/Cellar/gcc/14.2.0/bin/../lib/gcc/current/gcc/aarch64-apple-darwin23/14/finclude]
  ignore line: [ /opt/intel/oneapi/tbb/2021.8.0/env/../include]
  ignore line: [ /opt/homebrew/Cellar/gcc/14.2.0/bin/../lib/gcc/current/gcc/aarch64-apple-darwin23/14/include]
  ignore line: [ /opt/homebrew/Cellar/gcc/14.2.0/bin/../lib/gcc/current/gcc/aarch64-apple-darwin23/14/include-fixed]
  ignore line: [ /Library/Developer/CommandLineTools/SDKs/MacOSX14.4.sdk/usr/include]
  ignore line: [End of search list.]
  ignore line: [COLLECT_GCC_OPTIONS='-isysroot' '/Library/Developer/CommandLineTools/SDKs/MacOSX14.4.sdk' '-v' '-c' '-o' 'CMakeFiles/cmTC_13415.dir/CMakeFortranCompilerABI.F90.o' '-mmacosx-version-min=14.0.0'  '-nodefaultexport' '-mcpu=apple-m1' '-mlittle-endian' '-mabi=lp64' '-dumpdir' 'CMakeFiles/cmTC_13415.dir/']
  ignore line: [ as -arch arm64 -v -mmacosx-version-min=14.0 -o CMakeFiles/cmTC_13415.dir/CMakeFortranCompilerABI.F90.o /var/folders/tc/jh0_9j6s3qg_20qbgq_dr9z00000gn/T//ccu11Wzf.s]
  ignore line: [Apple clang version 15.0.0 (clang-1500.3.9.4)]
  ignore line: [Target: arm64-apple-darwin23.5.0]
  ignore line: [Thread model: posix]
  ignore line: [InstalledDir: /Library/Developer/CommandLineTools/usr/bin]
  ignore line: [ "/Library/Developer/CommandLineTools/usr/bin/clang" -cc1as -triple arm64-apple-macosx14.0.0 -filetype obj -main-file-name ccu11Wzf.s -target-cpu apple-m1 -target-feature +v8.5a -target-feature +crc -target-feature +lse -target-feature +rdm -target-feature +crypto -target-feature +dotprod -target-feature +fp-armv8 -target-feature +neon -target-feature +fp16fml -target-feature +ras -target-feature +rcpc -target-feature +zcm -target-feature +zcz -target-feature +fullfp16 -target-feature +sm4 -target-feature +sha3 -target-feature +sha2 -target-feature +aes -fdebug-compilation-dir=/Users/marcogrossi/Codici/myCEA/pyCEA/build/CMakeFiles/CMakeScratch/TryCompile-fuaJrD -dwarf-debug-producer "Apple clang version 15.0.0 (clang-1500.3.9.4)" -dwarf-version=4 -mrelocation-model pic --mrelax-relocations -mllvm -disable-aligned-alloc-awareness=1 -o CMakeFiles/cmTC_13415.dir/CMakeFortranCompilerABI.F90.o /var/folders/tc/jh0_9j6s3qg_20qbgq_dr9z00000gn/T//ccu11Wzf.s]
  ignore line: [COMPILER_PATH=/opt/homebrew/Cellar/gcc/14.2.0/bin/../libexec/gcc/aarch64-apple-darwin23/14/:/opt/homebrew/Cellar/gcc/14.2.0/bin/../libexec/gcc/]
  ignore line: [LIBRARY_PATH=/opt/homebrew/Cellar/gcc/14.2.0/bin/../lib/gcc/current/gcc/aarch64-apple-darwin23/14/:/opt/homebrew/Cellar/gcc/14.2.0/bin/../lib/gcc/current/gcc/:/opt/intel/oneapi/tbb/2021.8.0/env/../lib/:/opt/homebrew/Cellar/gcc/14.2.0/bin/../lib/gcc/current/gcc/aarch64-apple-darwin23/14/../../../]
  ignore line: [COLLECT_GCC_OPTIONS='-isysroot' '/Library/Developer/CommandLineTools/SDKs/MacOSX14.4.sdk' '-v' '-c' '-o' 'CMakeFiles/cmTC_13415.dir/CMakeFortranCompilerABI.F90.o' '-mmacosx-version-min=14.0.0'  '-nodefaultexport' '-mcpu=apple-m1' '-mlittle-endian' '-mabi=lp64' '-dumpdir' 'CMakeFiles/cmTC_13415.dir/CMakeFortranCompilerABI.F90.']
  ignore line: [Linking Fortran executable cmTC_13415]
  ignore line: [/Applications/CMake.app/Contents/bin/cmake -E cmake_link_script CMakeFiles/cmTC_13415.dir/link.txt --verbose=1]
  ignore line: [/opt/homebrew/bin/gfortran  -v -Wl -v  -isysroot /Library/Developer/CommandLineTools/SDKs/MacOSX14.4.sdk CMakeFiles/cmTC_13415.dir/CMakeFortranCompilerABI.F90.o -o cmTC_13415 ]
  ignore line: [Driving: /opt/homebrew/bin/gfortran -v -Wl -v -isysroot /Library/Developer/CommandLineTools/SDKs/MacOSX14.4.sdk CMakeFiles/cmTC_13415.dir/CMakeFortranCompilerABI.F90.o -o cmTC_13415 -mmacosx-version-min=14.0.0 -asm_macosx_version_min=14.0 -nodefaultexport -l gfortran]
  ignore line: [Using built-in specs.]
  ignore line: [COLLECT_GCC=/opt/homebrew/bin/gfortran]
  ignore line: [COLLECT_LTO_WRAPPER=/opt/homebrew/Cellar/gcc/14.2.0/bin/../libexec/gcc/aarch64-apple-darwin23/14/lto-wrapper]
  ignore line: [Target: aarch64-apple-darwin23]
  ignore line: [Configured with: ../configure --prefix=/opt/homebrew/opt/gcc --libdir=/opt/homebrew/opt/gcc/lib/gcc/current --disable-nls --enable-checking=release --with-gcc-major-version-only --enable-languages=c c++ objc obj-c++ fortran m2 --program-suffix=-14 --with-gmp=/opt/homebrew/opt/gmp --with-mpfr=/opt/homebrew/opt/mpfr --with-mpc=/opt/homebrew/opt/libmpc --with-isl=/opt/homebrew/opt/isl --with-zstd=/opt/homebrew/opt/zstd --with-pkgversion='Homebrew GCC 14.2.0' --with-bugurl=https://github.com/Homebrew/homebrew-core/issues --with-system-zlib --build=aarch64-apple-darwin23 --with-sysroot=/Library/Developer/CommandLineTools/SDKs/MacOSX14.sdk]
  ignore line: [Thread model: posix]
  ignore line: [Supported LTO compression algorithms: zlib zstd]
  ignore line: [gcc version 14.2.0 (Homebrew GCC 14.2.0) ]
  ignore line: [Reading specs from /opt/homebrew/Cellar/gcc/14.2.0/bin/../lib/gcc/current/gcc/aarch64-apple-darwin23/14/../../../libgfortran.spec]
  ignore line: [rename spec lib to liborig]
  ignore line: [COLLECT_GCC_OPTIONS='-v' '-isysroot' '/Library/Developer/CommandLineTools/SDKs/MacOSX14.4.sdk' '-o' 'cmTC_13415' '-mmacosx-version-min=14.0.0' '-asm_macosx_version_min=14.0' '-nodefaultexport' '-mcpu=apple-m1' '-mlittle-endian' '-mabi=lp64' '-dumpdir' 'cmTC_13415-']
  ignore line: [COMPILER_PATH=/opt/homebrew/Cellar/gcc/14.2.0/bin/../libexec/gcc/aarch64-apple-darwin23/14/:/opt/homebrew/Cellar/gcc/14.2.0/bin/../libexec/gcc/]
  ignore line: [LIBRARY_PATH=/opt/homebrew/Cellar/gcc/14.2.0/bin/../lib/gcc/current/gcc/aarch64-apple-darwin23/14/:/opt/homebrew/Cellar/gcc/14.2.0/bin/../lib/gcc/current/gcc/:/opt/intel/oneapi/tbb/2021.8.0/env/../lib/:/opt/homebrew/Cellar/gcc/14.2.0/bin/../lib/gcc/current/gcc/aarch64-apple-darwin23/14/../../../]
  ignore line: [COLLECT_GCC_OPTIONS='-v' '-isysroot' '/Library/Developer/CommandLineTools/SDKs/MacOSX14.4.sdk' '-o' 'cmTC_13415' '-mmacosx-version-min=14.0.0' '-asm_macosx_version_min=14.0' '-nodefaultexport' '-mcpu=apple-m1' '-mlittle-endian' '-mabi=lp64' '-dumpdir' 'cmTC_13415.']
  link line: [ /opt/homebrew/Cellar/gcc/14.2.0/bin/../libexec/gcc/aarch64-apple-darwin23/14/collect2 -demangle -dynamic -arch arm64 -syslibroot /Library/Developer/CommandLineTools/SDKs/MacOSX14.4.sdk -platform_version macos 14.0.0 0.0 -o cmTC_13415 -L/opt/homebrew/Cellar/gcc/14.2.0/bin/../lib/gcc/current/gcc/aarch64-apple-darwin23/14 -L/opt/homebrew/Cellar/gcc/14.2.0/bin/../lib/gcc/current/gcc -L/opt/intel/oneapi/tbb/2021.8.0/env/../lib -L/opt/homebrew/Cellar/gcc/14.2.0/bin/../lib/gcc/current/gcc/aarch64-apple-darwin23/14/../../.. -lemutls_w -lheapt_w -v CMakeFiles/cmTC_13415.dir/CMakeFortranCompilerABI.F90.o -lgfortran -lgcc -lquadmath -lSystem -no_compact_unwind -rpath @loader_path -rpath /opt/homebrew/Cellar/gcc/14.2.0/lib/gcc/current/gcc/aarch64-apple-darwin23/14 -rpath /opt/homebrew/Cellar/gcc/14.2.0/lib/gcc/current/gcc -rpath /opt/intel/oneapi/tbb/2021.8.0/lib -rpath /opt/homebrew/Cellar/gcc/14.2.0/lib/gcc/current]
    arg [/opt/homebrew/Cellar/gcc/14.2.0/bin/../libexec/gcc/aarch64-apple-darwin23/14/collect2] ==> ignore
    arg [-demangle] ==> ignore
    arg [-dynamic] ==> ignore
    arg [-arch] ==> ignore
    arg [arm64] ==> ignore
    arg [-syslibroot] ==> ignore
    arg [/Library/Developer/CommandLineTools/SDKs/MacOSX14.4.sdk] ==> ignore
    arg [-platform_version] ==> ignore
    arg [macos] ==> ignore
    arg [14.0.0] ==> ignore
    arg [0.0] ==> ignore
    arg [-o] ==> ignore
    arg [cmTC_13415] ==> ignore
    arg [-L/opt/homebrew/Cellar/gcc/14.2.0/bin/../lib/gcc/current/gcc/aarch64-apple-darwin23/14] ==> dir [/opt/homebrew/Cellar/gcc/14.2.0/bin/../lib/gcc/current/gcc/aarch64-apple-darwin23/14]
    arg [-L/opt/homebrew/Cellar/gcc/14.2.0/bin/../lib/gcc/current/gcc] ==> dir [/opt/homebrew/Cellar/gcc/14.2.0/bin/../lib/gcc/current/gcc]
    arg [-L/opt/intel/oneapi/tbb/2021.8.0/env/../lib] ==> dir [/opt/intel/oneapi/tbb/2021.8.0/env/../lib]
    arg [-L/opt/homebrew/Cellar/gcc/14.2.0/bin/../lib/gcc/current/gcc/aarch64-apple-darwin23/14/../../..] ==> dir [/opt/homebrew/Cellar/gcc/14.2.0/bin/../lib/gcc/current/gcc/aarch64-apple-darwin23/14/../../..]
    arg [-lemutls_w] ==> lib [emutls_w]
    arg [-lheapt_w] ==> lib [heapt_w]
    arg [-v] ==> ignore
    arg [CMakeFiles/cmTC_13415.dir/CMakeFortranCompilerABI.F90.o] ==> ignore
    arg [-lgfortran] ==> lib [gfortran]
    arg [-lgcc] ==> lib [gcc]
    arg [-lquadmath] ==> lib [quadmath]
    arg [-lSystem] ==> lib [System]
    arg [-no_compact_unwind] ==> ignore
    arg [-rpath] ==> ignore
    arg [@loader_path] ==> ignore
    arg [-rpath] ==> ignore
    arg [/opt/homebrew/Cellar/gcc/14.2.0/lib/gcc/current/gcc/aarch64-apple-darwin23/14] ==> ignore
    arg [-rpath] ==> ignore
    arg [/opt/homebrew/Cellar/gcc/14.2.0/lib/gcc/current/gcc] ==> ignore
    arg [-rpath] ==> ignore
    arg [/opt/intel/oneapi/tbb/2021.8.0/lib] ==> ignore
    arg [-rpath] ==> ignore
    arg [/opt/homebrew/Cellar/gcc/14.2.0/lib/gcc/current] ==> ignore
  Library search paths: [;/opt/homebrew/Cellar/gcc/14.2.0/lib/gcc/current/gcc/aarch64-apple-darwin23/14;/opt/homebrew/Cellar/gcc/14.2.0/lib/gcc/current/gcc;/opt/intel/oneapi/tbb/2021.8.0/lib;/opt/homebrew/Cellar/gcc/14.2.0/lib/gcc/current;/Library/Developer/CommandLineTools/SDKs/MacOSX14.4.sdk/usr/lib;/Library/Developer/CommandLineTools/SDKs/MacOSX14.4.sdk/usr/lib/swift]
  Framework search paths: [;/Library/Developer/CommandLineTools/SDKs/MacOSX14.4.sdk/System/Library/Frameworks]
  remove lib [System]
  collapse library dir [/opt/homebrew/Cellar/gcc/14.2.0/bin/../lib/gcc/current/gcc/aarch64-apple-darwin23/14] ==> [/opt/homebrew/Cellar/gcc/14.2.0/lib/gcc/current/gcc/aarch64-apple-darwin23/14]
  collapse library dir [/opt/homebrew/Cellar/gcc/14.2.0/bin/../lib/gcc/current/gcc] ==> [/opt/homebrew/Cellar/gcc/14.2.0/lib/gcc/current/gcc]
  collapse library dir [/opt/intel/oneapi/tbb/2021.8.0/env/../lib] ==> [/opt/intel/oneapi/tbb/2021.8.0/lib]
  collapse library dir [/opt/homebrew/Cellar/gcc/14.2.0/bin/../lib/gcc/current/gcc/aarch64-apple-darwin23/14/../../..] ==> [/opt/homebrew/Cellar/gcc/14.2.0/lib/gcc/current]
  collapse library dir [/opt/homebrew/Cellar/gcc/14.2.0/lib/gcc/current/gcc/aarch64-apple-darwin23/14] ==> [/opt/homebrew/Cellar/gcc/14.2.0/lib/gcc/current/gcc/aarch64-apple-darwin23/14]
  collapse library dir [/opt/homebrew/Cellar/gcc/14.2.0/lib/gcc/current/gcc] ==> [/opt/homebrew/Cellar/gcc/14.2.0/lib/gcc/current/gcc]
  collapse library dir [/opt/intel/oneapi/tbb/2021.8.0/lib] ==> [/opt/intel/oneapi/tbb/2021.8.0/lib]
  collapse library dir [/opt/homebrew/Cellar/gcc/14.2.0/lib/gcc/current] ==> [/opt/homebrew/Cellar/gcc/14.2.0/lib/gcc/current]
  collapse library dir [/Library/Developer/CommandLineTools/SDKs/MacOSX14.4.sdk/usr/lib] ==> [/Library/Developer/CommandLineTools/SDKs/MacOSX14.4.sdk/usr/lib]
  collapse library dir [/Library/Developer/CommandLineTools/SDKs/MacOSX14.4.sdk/usr/lib/swift] ==> [/Library/Developer/CommandLineTools/SDKs/MacOSX14.4.sdk/usr/lib/swift]
  collapse framework dir [/Library/Developer/CommandLineTools/SDKs/MacOSX14.4.sdk/System/Library/Frameworks] ==> [/Library/Developer/CommandLineTools/SDKs/MacOSX14.4.sdk/System/Library/Frameworks]
  implicit libs: [emutls_w;heapt_w;gfortran;gcc;quadmath]
  implicit objs: []
  implicit dirs: [/opt/homebrew/Cellar/gcc/14.2.0/lib/gcc/current/gcc/aarch64-apple-darwin23/14;/opt/homebrew/Cellar/gcc/14.2.0/lib/gcc/current/gcc;/opt/intel/oneapi/tbb/2021.8.0/lib;/opt/homebrew/Cellar/gcc/14.2.0/lib/gcc/current;/Library/Developer/CommandLineTools/SDKs/MacOSX14.4.sdk/usr/lib;/Library/Developer/CommandLineTools/SDKs/MacOSX14.4.sdk/usr/lib/swift]
  implicit fwks: [/Library/Developer/CommandLineTools/SDKs/MacOSX14.4.sdk/System/Library/Frameworks]


